<?xml version="1.0" encoding="UTF-8"?>
<!DOCTYPE mapper
    PUBLIC "-//mybatis.org//DTD Mapper 3.0//EN"
    "http://mybatis.org/dtd/mybatis-3-mapper.dtd">
<mapper namespace="com.scv.director.impl.IDirectorDAO">

<select id="test" resultType="com.scv.director.dto.TestDTO">
	SELECT NUM, TODAY
	FROM TEST
</select>

</mapper>